# JRE version: Java(TM) SE Runtime Environment (8.0_101-b13) (build 1.8.0_101-b13)
# Java VM: Java HotSpot(TM) 64-Bit Server VM (25.101-b13 mixed mode linux-amd64 compressed oops)
Heap:
 PSYoungGen      total 41472K, used 11128K [0x00000000e1200000, 0x00000000e4b00000, 0x0000000100000000)
  eden space 37888K, 19% used [0x00000000e1200000,0x00000000e195ebc8,0x00000000e3700000)
  from space 3584K, 99% used [0x00000000e3a00000,0x00000000e3d7f5a8,0x00000000e3d80000)
  to   space 10240K, 0% used [0x00000000e4100000,0x00000000e4100000,0x00000000e4b00000)
 ParOldGen       total 39424K, used 19112K [0x00000000a3600000, 0x00000000a5c80000, 0x00000000e1200000)
  object space 39424K, 48% used [0x00000000a3600000,0x00000000a48aa1e0,0x00000000a5c80000)
 Metaspace       used 32509K, capacity 33776K, committed 33840K, reserved 1079296K
  class space    used 4137K, capacity 4399K, committed 4400K, reserved 1048576K
GC Heap History (10 events):
Event: 8.760 GC heap before
{Heap before GC invocations=2 (full 0):
 PSYoungGen      total 28160K, used 13537K [0x00000000e1200000, 0x00000000e3100000, 0x0000000100000000)
  eden space 24576K, 40% used [0x00000000e1200000,0x00000000e1bbfbd8,0x00000000e2a00000)
  from space 3584K, 99% used [0x00000000e2a00000,0x00000000e2d78988,0x00000000e2d80000)
  to   space 3584K, 0% used [0x00000000e2d80000,0x00000000e2d80000,0x00000000e3100000)
 ParOldGen       total 64512K, used 423K [0x00000000a3600000, 0x00000000a7500000, 0x00000000e1200000)
  object space 64512K, 0% used [0x00000000a3600000,0x00000000a3669dc0,0x00000000a7500000)
 Metaspace       used 20653K, capacity 21192K, committed 21296K, reserved 1067008K
  class space    used 2685K, capacity 2821K, committed 2864K, reserved 1048576K
Event: 8.791 GC heap after
Heap after GC invocations=2 (full 0):
 PSYoungGen      total 28160K, used 3568K [0x00000000e1200000, 0x00000000e4900000, 0x0000000100000000)
  eden space 24576K, 0% used [0x00000000e1200000,0x00000000e1200000,0x00000000e2a00000)
  from space 3584K, 99% used [0x00000000e2d80000,0x00000000e30fc030,0x00000000e3100000)
  to   space 3584K, 0% used [0x00000000e2a00000,0x00000000e2a00000,0x00000000e2d80000)
 ParOldGen       total 64512K, used 2203K [0x00000000a3600000, 0x00000000a7500000, 0x00000000e1200000)
  object space 64512K, 3% used [0x00000000a3600000,0x00000000a3826ef0,0x00000000a7500000)
 Metaspace       used 20653K, capacity 21192K, committed 21296K, reserved 1067008K
  class space    used 2685K, capacity 2821K, committed 2864K, reserved 1048576K
}
Event: 8.791 GC heap before
{Heap before GC invocations=3 (full 1):
 PSYoungGen      total 28160K, used 3568K [0x00000000e1200000, 0x00000000e4900000, 0x0000000100000000)
  eden space 24576K, 0% used [0x00000000e1200000,0x00000000e1200000,0x00000000e2a00000)
  from space 3584K, 99% used [0x00000000e2d80000,0x00000000e30fc030,0x00000000e3100000)
  to   space 3584K, 0% used [0x00000000e2a00000,0x00000000e2a00000,0x00000000e2d80000)
 ParOldGen       total 64512K, used 2203K [0x00000000a3600000, 0x00000000a7500000, 0x00000000e1200000)
  object space 64512K, 3% used [0x00000000a3600000,0x00000000a3826ef0,0x00000000a7500000)
 Metaspace       used 20653K, capacity 21192K, committed 21296K, reserved 1067008K
  class space    used 2685K, capacity 2821K, committed 2864K, reserved 1048576K
Event: 8.868 GC heap after
Heap after GC invocations=3 (full 1):
 PSYoungGen      total 28160K, used 0K [0x00000000e1200000, 0x00000000e4900000, 0x0000000100000000)
  eden space 24576K, 0% used [0x00000000e1200000,0x00000000e1200000,0x00000000e2a00000)
  from space 3584K, 0% used [0x00000000e2d80000,0x00000000e2d80000,0x00000000e3100000)
  to   space 3584K, 0% used [0x00000000e2a00000,0x00000000e2a00000,0x00000000e2d80000)
 ParOldGen       total 39424K, used 5289K [0x00000000a3600000, 0x00000000a5c80000, 0x00000000e1200000)
  object space 39424K, 13% used [0x00000000a3600000,0x00000000a3b2a450,0x00000000a5c80000)
 Metaspace       used 20651K, capacity 21186K, committed 21296K, reserved 1067008K
  class space    used 2685K, capacity 2820K, committed 2864K, reserved 1048576K
}
Event: 21.590 GC heap before
{Heap before GC invocations=4 (full 1):
 PSYoungGen      total 28160K, used 24576K [0x00000000e1200000, 0x00000000e4900000, 0x0000000100000000)
  eden space 24576K, 100% used [0x00000000e1200000,0x00000000e2a00000,0x00000000e2a00000)
  from space 3584K, 0% used [0x00000000e2d80000,0x00000000e2d80000,0x00000000e3100000)
  to   space 3584K, 0% used [0x00000000e2a00000,0x00000000e2a00000,0x00000000e2d80000)
 ParOldGen       total 39424K, used 5289K [0x00000000a3600000, 0x00000000a5c80000, 0x00000000e1200000)
  object space 39424K, 13% used [0x00000000a3600000,0x00000000a3b2a450,0x00000000a5c80000)
 Metaspace       used 27180K, capacity 28450K, committed 28592K, reserved 1073152K
  class space    used 3748K, capacity 3990K, committed 4016K, reserved 1048576K
Event: 21.605 GC heap after
Heap after GC invocations=4 (full 1):
 PSYoungGen      total 28160K, used 3282K [0x00000000e1200000, 0x00000000e4100000, 0x0000000100000000)
  eden space 24576K, 0% used [0x00000000e1200000,0x00000000e1200000,0x00000000e2a00000)
  from space 3584K, 91% used [0x00000000e2a00000,0x00000000e2d34aa8,0x00000000e2d80000)
  to   space 3584K, 0% used [0x00000000e3d80000,0x00000000e3d80000,0x00000000e4100000)
 ParOldGen       total 39424K, used 9515K [0x00000000a3600000, 0x00000000a5c80000, 0x00000000e1200000)
  object space 39424K, 24% used [0x00000000a3600000,0x00000000a3f4af70,0x00000000a5c80000)
 Metaspace       used 27180K, capacity 28450K, committed 28592K, reserved 1073152K
  class space    used 3748K, capacity 3990K, committed 4016K, reserved 1048576K
}
Event: 98.357 GC heap before
{Heap before GC invocations=5 (full 1):
 PSYoungGen      total 28160K, used 27858K [0x00000000e1200000, 0x00000000e4100000, 0x0000000100000000)
  eden space 24576K, 100% used [0x00000000e1200000,0x00000000e2a00000,0x00000000e2a00000)
  from space 3584K, 91% used [0x00000000e2a00000,0x00000000e2d34aa8,0x00000000e2d80000)
  to   space 3584K, 0% used [0x00000000e3d80000,0x00000000e3d80000,0x00000000e4100000)
 ParOldGen       total 39424K, used 9515K [0x00000000a3600000, 0x00000000a5c80000, 0x00000000e1200000)
  object space 39424K, 24% used [0x00000000a3600000,0x00000000a3f4af70,0x00000000a5c80000)
 Metaspace       used 31441K, capacity 32678K, committed 32816K, reserved 1077248K
  class space    used 4079K, capacity 4318K, committed 4400K, reserved 1048576K
Event: 98.383 GC heap after
Heap after GC invocations=5 (full 1):
 PSYoungGen      total 42496K, used 3581K [0x00000000e1200000, 0x00000000e4100000, 0x0000000100000000)
  eden space 38912K, 0% used [0x00000000e1200000,0x00000000e1200000,0x00000000e3800000)
  from space 3584K, 99% used [0x00000000e3d80000,0x00000000e40ff5a8,0x00000000e4100000)
  to   space 3584K, 0% used [0x00000000e3a00000,0x00000000e3a00000,0x00000000e3d80000)
 ParOldGen       total 39424K, used 14344K [0x00000000a3600000, 0x00000000a5c80000, 0x00000000e1200000)
  object space 39424K, 36% used [0x00000000a3600000,0x00000000a44021f0,0x00000000a5c80000)
 Metaspace       used 31441K, capacity 32678K, committed 32816K, reserved 1077248K
  class space    used 4079K, capacity 4318K, committed 4400K, reserved 1048576K
}
Event: 3494.802 GC heap before
{Heap before GC invocations=6 (full 1):
 PSYoungGen      total 42496K, used 40451K [0x00000000e1200000, 0x00000000e4100000, 0x0000000100000000)
  eden space 38912K, 94% used [0x00000000e1200000,0x00000000e36017a8,0x00000000e3800000)
  from space 3584K, 99% used [0x00000000e3d80000,0x00000000e40ff5a8,0x00000000e4100000)
  to   space 3584K, 0% used [0x00000000e3a00000,0x00000000e3a00000,0x00000000e3d80000)
 ParOldGen       total 39424K, used 14344K [0x00000000a3600000, 0x00000000a5c80000, 0x00000000e1200000)
  object space 39424K, 36% used [0x00000000a3600000,0x00000000a44021f0,0x00000000a5c80000)
 Metaspace       used 31891K, capacity 33194K, committed 33328K, reserved 1079296K
  class space    used 4099K, capacity 4358K, committed 4400K, reserved 1048576K
Event: 3494.968 GC heap after
Heap after GC invocations=6 (full 1):
 PSYoungGen      total 41472K, used 3581K [0x00000000e1200000, 0x00000000e4b00000, 0x0000000100000000)
  eden space 37888K, 0% used [0x00000000e1200000,0x00000000e1200000,0x00000000e3700000)
  from space 3584K, 99% used [0x00000000e3a00000,0x00000000e3d7f5a8,0x00000000e3d80000)
  to   space 10240K, 0% used [0x00000000e4100000,0x00000000e4100000,0x00000000e4b00000)
 ParOldGen       total 39424K, used 19112K [0x00000000a3600000, 0x00000000a5c80000, 0x00000000e1200000)
  object space 39424K, 48% used [0x00000000a3600000,0x00000000a48aa1e0,0x00000000a5c80000)
 Metaspace       used 31891K, capacity 33194K, committed 33328K, reserved 1079296K
  class space    used 4099K, capacity 4358K, committed 4400K, reserved 1048576K
}

