# JRE version: Java(TM) SE Runtime Environment (8.0_101-b13) (build 1.8.0_101-b13)
# Java VM: Java HotSpot(TM) 64-Bit Server VM (25.101-b13 mixed mode linux-amd64 compressed oops)
Heap:
 PSYoungGen      total 38400K, used 28038K [0x00000000e1200000, 0x00000000e7180000, 0x0000000100000000)
  eden space 34816K, 80% used [0x00000000e1200000,0x00000000e2d61bf0,0x00000000e3400000)
  from space 3584K, 0% used [0x00000000e3400000,0x00000000e3400000,0x00000000e3780000)
  to   space 27136K, 0% used [0x00000000e5700000,0x00000000e5700000,0x00000000e7180000)
 ParOldGen       total 114688K, used 33417K [0x00000000a3600000, 0x00000000aa600000, 0x00000000e1200000)
  object space 114688K, 29% used [0x00000000a3600000,0x00000000a56a2788,0x00000000aa600000)
 Metaspace       used 28598K, capacity 29758K, committed 29824K, reserved 1075200K
  class space    used 3703K, capacity 3942K, committed 3968K, reserved 1048576K
GC Heap History (10 events):
Event: 3.752 GC heap before
{Heap before GC invocations=3 (full 1):
 PSYoungGen      total 28160K, used 3557K [0x00000000e1200000, 0x00000000e4900000, 0x0000000100000000)
  eden space 24576K, 0% used [0x00000000e1200000,0x00000000e1200000,0x00000000e2a00000)
  from space 3584K, 99% used [0x00000000e2d80000,0x00000000e30f94e0,0x00000000e3100000)
  to   space 3584K, 0% used [0x00000000e2a00000,0x00000000e2a00000,0x00000000e2d80000)
 ParOldGen       total 64512K, used 2157K [0x00000000a3600000, 0x00000000a7500000, 0x00000000e1200000)
  object space 64512K, 3% used [0x00000000a3600000,0x00000000a381b6d0,0x00000000a7500000)
 Metaspace       used 20474K, capacity 21072K, committed 21248K, reserved 1067008K
  class space    used 2791K, capacity 2967K, committed 3072K, reserved 1048576K
Event: 3.799 GC heap after
Heap after GC invocations=3 (full 1):
 PSYoungGen      total 28160K, used 0K [0x00000000e1200000, 0x00000000e4900000, 0x0000000100000000)
  eden space 24576K, 0% used [0x00000000e1200000,0x00000000e1200000,0x00000000e2a00000)
  from space 3584K, 0% used [0x00000000e2d80000,0x00000000e2d80000,0x00000000e3100000)
  to   space 3584K, 0% used [0x00000000e2a00000,0x00000000e2a00000,0x00000000e2d80000)
 ParOldGen       total 43520K, used 5042K [0x00000000a3600000, 0x00000000a6080000, 0x00000000e1200000)
  object space 43520K, 11% used [0x00000000a3600000,0x00000000a3aec800,0x00000000a6080000)
 Metaspace       used 20474K, capacity 21072K, committed 21248K, reserved 1067008K
  class space    used 2791K, capacity 2967K, committed 3072K, reserved 1048576K
}
Event: 11.818 GC heap before
{Heap before GC invocations=4 (full 1):
 PSYoungGen      total 28160K, used 22646K [0x00000000e1200000, 0x00000000e4900000, 0x0000000100000000)
  eden space 24576K, 92% used [0x00000000e1200000,0x00000000e281dbc0,0x00000000e2a00000)
  from space 3584K, 0% used [0x00000000e2d80000,0x00000000e2d80000,0x00000000e3100000)
  to   space 3584K, 0% used [0x00000000e2a00000,0x00000000e2a00000,0x00000000e2d80000)
 ParOldGen       total 43520K, used 5042K [0x00000000a3600000, 0x00000000a6080000, 0x00000000e1200000)
  object space 43520K, 11% used [0x00000000a3600000,0x00000000a3aec800,0x00000000a6080000)
 Metaspace       used 24801K, capacity 25914K, committed 26112K, reserved 1071104K
  class space    used 3538K, capacity 3764K, committed 3840K, reserved 1048576K
Event: 11.829 GC heap after
Heap after GC invocations=4 (full 1):
 PSYoungGen      total 28160K, used 3581K [0x00000000e1200000, 0x00000000e3b00000, 0x0000000100000000)
  eden space 24576K, 0% used [0x00000000e1200000,0x00000000e1200000,0x00000000e2a00000)
  from space 3584K, 99% used [0x00000000e2a00000,0x00000000e2d7f5a8,0x00000000e2d80000)
  to   space 3584K, 0% used [0x00000000e3780000,0x00000000e3780000,0x00000000e3b00000)
 ParOldGen       total 43520K, used 10607K [0x00000000a3600000, 0x00000000a6080000, 0x00000000e1200000)
  object space 43520K, 24% used [0x00000000a3600000,0x00000000a405bf28,0x00000000a6080000)
 Metaspace       used 24801K, capacity 25914K, committed 26112K, reserved 1071104K
  class space    used 3538K, capacity 3764K, committed 3840K, reserved 1048576K
}
Event: 47.298 GC heap before
{Heap before GC invocations=5 (full 1):
 PSYoungGen      total 28160K, used 28123K [0x00000000e1200000, 0x00000000e3b00000, 0x0000000100000000)
  eden space 24576K, 99% used [0x00000000e1200000,0x00000000e29f77e0,0x00000000e2a00000)
  from space 3584K, 99% used [0x00000000e2a00000,0x00000000e2d7f5a8,0x00000000e2d80000)
  to   space 3584K, 0% used [0x00000000e3780000,0x00000000e3780000,0x00000000e3b00000)
 ParOldGen       total 43520K, used 10607K [0x00000000a3600000, 0x00000000a6080000, 0x00000000e1200000)
  object space 43520K, 24% used [0x00000000a3600000,0x00000000a405bf28,0x00000000a6080000)
 Metaspace       used 27588K, capacity 28710K, committed 28800K, reserved 1075200K
  class space    used 3685K, capacity 3938K, committed 3968K, reserved 1048576K
Event: 47.321 GC heap after
Heap after GC invocations=5 (full 1):
 PSYoungGen      total 36864K, used 3581K [0x00000000e1200000, 0x00000000e3b00000, 0x0000000100000000)
  eden space 33280K, 0% used [0x00000000e1200000,0x00000000e1200000,0x00000000e3280000)
  from space 3584K, 99% used [0x00000000e3780000,0x00000000e3aff5a8,0x00000000e3b00000)
  to   space 3584K, 0% used [0x00000000e3400000,0x00000000e3400000,0x00000000e3780000)
 ParOldGen       total 43520K, used 22425K [0x00000000a3600000, 0x00000000a6080000, 0x00000000e1200000)
  object space 43520K, 51% used [0x00000000a3600000,0x00000000a4be66d8,0x00000000a6080000)
 Metaspace       used 27588K, capacity 28710K, committed 28800K, reserved 1075200K
  class space    used 3685K, capacity 3938K, committed 3968K, reserved 1048576K
}
Event: 64.141 GC heap before
{Heap before GC invocations=6 (full 1):
 PSYoungGen      total 36864K, used 36861K [0x00000000e1200000, 0x00000000e3b00000, 0x0000000100000000)
  eden space 33280K, 100% used [0x00000000e1200000,0x00000000e3280000,0x00000000e3280000)
  from space 3584K, 99% used [0x00000000e3780000,0x00000000e3aff5a8,0x00000000e3b00000)
  to   space 3584K, 0% used [0x00000000e3400000,0x00000000e3400000,0x00000000e3780000)
 ParOldGen       total 43520K, used 22425K [0x00000000a3600000, 0x00000000a6080000, 0x00000000e1200000)
  object space 43520K, 51% used [0x00000000a3600000,0x00000000a4be66d8,0x00000000a6080000)
 Metaspace       used 28237K, capacity 29420K, committed 29568K, reserved 1075200K
  class space    used 3700K, capacity 3939K, committed 3968K, reserved 1048576K
Event: 64.169 GC heap after
Heap after GC invocations=6 (full 1):
 PSYoungGen      total 38400K, used 3581K [0x00000000e1200000, 0x00000000e7180000, 0x0000000100000000)
  eden space 34816K, 0% used [0x00000000e1200000,0x00000000e1200000,0x00000000e3400000)
  from space 3584K, 99% used [0x00000000e3400000,0x00000000e377f5a8,0x00000000e3780000)
  to   space 27136K, 0% used [0x00000000e5700000,0x00000000e5700000,0x00000000e7180000)
 ParOldGen       total 47104K, used 45480K [0x00000000a3600000, 0x00000000a6400000, 0x00000000e1200000)
  object space 47104K, 96% used [0x00000000a3600000,0x00000000a626a2f8,0x00000000a6400000)
 Metaspace       used 28237K, capacity 29420K, committed 29568K, reserved 1075200K
  class space    used 3700K, capacity 3939K, committed 3968K, reserved 1048576K
}
Event: 64.169 GC heap before
{Heap before GC invocations=7 (full 2):
 PSYoungGen      total 38400K, used 3581K [0x00000000e1200000, 0x00000000e7180000, 0x0000000100000000)
  eden space 34816K, 0% used [0x00000000e1200000,0x00000000e1200000,0x00000000e3400000)
  from space 3584K, 99% used [0x00000000e3400000,0x00000000e377f5a8,0x00000000e3780000)
  to   space 27136K, 0% used [0x00000000e5700000,0x00000000e5700000,0x00000000e7180000)
 ParOldGen       total 47104K, used 45480K [0x00000000a3600000, 0x00000000a6400000, 0x00000000e1200000)
  object space 47104K, 96% used [0x00000000a3600000,0x00000000a626a2f8,0x00000000a6400000)
 Metaspace       used 28237K, capacity 29420K, committed 29568K, reserved 1075200K
  class space    used 3700K, capacity 3939K, committed 3968K, reserved 1048576K
Event: 64.251 GC heap after
Heap after GC invocations=7 (full 2):
 PSYoungGen      total 38400K, used 0K [0x00000000e1200000, 0x00000000e7180000, 0x0000000100000000)
  eden space 34816K, 0% used [0x00000000e1200000,0x00000000e1200000,0x00000000e3400000)
  from space 3584K, 0% used [0x00000000e3400000,0x00000000e3400000,0x00000000e3780000)
  to   space 27136K, 0% used [0x00000000e5700000,0x00000000e5700000,0x00000000e7180000)
 ParOldGen       total 114688K, used 33417K [0x00000000a3600000, 0x00000000aa600000, 0x00000000e1200000)
  object space 114688K, 29% used [0x00000000a3600000,0x00000000a56a2788,0x00000000aa600000)
 Metaspace       used 28237K, capacity 29420K, committed 29568K, reserved 1075200K
  class space    used 3700K, capacity 3939K, committed 3968K, reserved 1048576K
}

